0 verbose cli C:\nvm4w\nodejs\node.exe C:\nvm4w\nodejs\node_modules\npm\bin\npm-cli.js
1 info using npm@11.4.2
2 info using node@v24.4.1
3 silly config load:file:C:\Users\geeme\AppData\Local\nvm\v24.4.1\node_modules\npm\npmrc
4 silly config load:file:C:\Users\geeme\Desktop\RefactorPilot\.npmrc
5 silly config load:file:C:\Users\geeme\.npmrc
6 silly config load:file:C:\Users\geeme\AppData\Roaming\npm\etc\npmrc
7 verbose title npm publish
8 verbose argv "publish" "--dry-run" "--cache" ".\\.npm-cache"
9 verbose logfile logs-max:10 dir:C:\Users\geeme\Desktop\RefactorPilot\.npm-cache\_logs\2026-03-29T00_55_35_634Z-
10 verbose logfile C:\Users\geeme\Desktop\RefactorPilot\.npm-cache\_logs\2026-03-29T00_55_35_634Z-debug-0.log
11 silly logfile done cleaning log files
12 verbose publish [ '.' ]
13 verbose stack Error: command failed
13 verbose stack     at promiseSpawn (C:\Users\geeme\AppData\Local\nvm\v24.4.1\node_modules\npm\node_modules\@npmcli\promise-spawn\lib\index.js:22:22)
13 verbose stack     at spawnWithShell (C:\Users\geeme\AppData\Local\nvm\v24.4.1\node_modules\npm\node_modules\@npmcli\promise-spawn\lib\index.js:124:10)
13 verbose stack     at promiseSpawn (C:\Users\geeme\AppData\Local\nvm\v24.4.1\node_modules\npm\node_modules\@npmcli\promise-spawn\lib\index.js:12:12)
13 verbose stack     at runScriptPkg (C:\Users\geeme\AppData\Local\nvm\v24.4.1\node_modules\npm\node_modules\@npmcli\run-script\lib\run-script-pkg.js:79:13)
13 verbose stack     at runScript (C:\Users\geeme\AppData\Local\nvm\v24.4.1\node_modules\npm\node_modules\@npmcli\run-script\lib\run-script.js:9:12)
13 verbose stack     at #publish (C:\Users\geeme\AppData\Local\nvm\v24.4.1\node_modules\npm\lib\commands\publish.js:92:13)
13 verbose stack     at async Publish.exec (C:\Users\geeme\AppData\Local\nvm\v24.4.1\node_modules\npm\lib\commands\publish.js:46:5)
13 verbose stack     at async Npm.exec (C:\Users\geeme\AppData\Local\nvm\v24.4.1\node_modules\npm\lib\npm.js:208:9)
13 verbose stack     at async module.exports (C:\Users\geeme\AppData\Local\nvm\v24.4.1\node_modules\npm\lib\cli\entry.js:67:5)
14 verbose pkgid refactor-pilot@0.1.1
15 error code 1
16 error path C:\Users\geeme\Desktop\RefactorPilot
17 error command failed
18 error command C:\WINDOWS\system32\cmd.exe /d /s /c node ./tests/run-tests.js && node ./tests/transformers/launch-readiness-matrix.test.js && node ./tests/transformers/unsupported-patterns.test.js && node ./scripts/verify-standalone.js
19 verbose cwd C:\Users\geeme\Desktop\RefactorPilot
20 verbose os Windows_NT 10.0.26200
21 verbose node v24.4.1
22 verbose npm  v11.4.2
23 verbose exit 1
24 verbose code 1
25 error A complete log of this run can be found in: C:\Users\geeme\Desktop\RefactorPilot\.npm-cache\_logs\2026-03-29T00_55_35_634Z-debug-0.log
