0 verbose cli C:\nvm4w\nodejs\node.exe C:\nvm4w\nodejs\node_modules\npm\bin\npm-cli.js
1 info using npm@11.4.2
2 info using node@v24.4.1
3 silly config load:file:C:\Users\geeme\AppData\Local\nvm\v24.4.1\node_modules\npm\npmrc
4 silly config load:file:C:\Users\geeme\Desktop\RefactorPilot\.npmrc
5 silly config load:file:C:\Users\geeme\.npmrc
6 silly config load:file:C:\Users\geeme\AppData\Roaming\npm\etc\npmrc
7 verbose title npm publish
8 verbose argv "publish" "--dry-run" "--cache" ".\\.npm-cache"
9 verbose logfile logs-max:10 dir:C:\Users\geeme\Desktop\RefactorPilot\.npm-cache\_logs\2026-03-29T00_19_54_448Z-
10 verbose logfile C:\Users\geeme\Desktop\RefactorPilot\.npm-cache\_logs\2026-03-29T00_19_54_448Z-debug-0.log
11 silly logfile done cleaning log files
12 verbose publish [ '.' ]
13 silly packumentCache heap:4496293888 maxSize:1124073472 maxEntrySize:562036736
14 notice
15 notice package: refactor-pilot@0.1.0
16 notice Tarball Contents
17 notice 2.2kB ARCHITECTURE.md
17 notice 3.0kB CONTRIBUTING.md
17 notice 1.1kB LICENSE
17 notice 7.9kB README.md
17 notice 1.4kB SECURITY.md
17 notice 14.7kB benchmarks/run.js
17 notice 753B docs/benchmarks.md
17 notice 1.9kB docs/cli.md
17 notice 4.0kB docs/LAUNCH_READINESS.md
17 notice 1.2kB docs/mvp-architecture.md
17 notice 1.1kB docs/patterns.md
17 notice 2.0kB docs/PLUGINS.md
17 notice 872B docs/web.md
17 notice 136B examples/complex-service/client.py
17 notice 283B examples/complex-service/README.md
17 notice 584B examples/complex-service/server.go
17 notice 197B examples/go-typescript-field-rename/client.ts
17 notice 390B examples/go-typescript-field-rename/README.md
17 notice 75B examples/go-typescript-field-rename/server.go
17 notice 554B examples/plugins-example/django-to-fastapi/package.json
17 notice 138B examples/plugins-example/django-to-fastapi/plugin.json
17 notice 1.0kB examples/plugins-example/django-to-fastapi/README.md
17 notice 1.8kB examples/plugins-example/django-to-fastapi/src/index.js
17 notice 347B examples/rest-to-grpc-full/go-server/main.go
17 notice 115B examples/rest-to-grpc-full/python-client/client.py
17 notice 395B examples/rest-to-grpc-full/README.md
17 notice 405B examples/verified-migration/README.md
17 notice 3.4kB package.json
17 notice 418B packages/language-sdk/package.json
17 notice 1.5kB packages/language-sdk/README.md
17 notice 870B packages/language-sdk/src/base-parser.js
17 notice 183B packages/language-sdk/src/index.js
17 notice 2.6kB packages/language-sdk/src/plugin-factory.js
17 notice 333B packages/language-typescript/package.json
17 notice 3.8kB packages/language-typescript/src/index.js
17 notice 11.9kB patterns/rest-to-grpc-full/index.js
17 notice 1.1kB src/cli/apply.js
17 notice 20.7kB src/cli/index.js
17 notice 2.0kB src/cli/interactive.js
17 notice 6.1kB src/codegen/protoc-executor.js
17 notice 921B src/codegen/protoc-runner.js
17 notice 946B src/core/edge.js
17 notice 5.3kB src/core/graph.js
17 notice 285B src/core/index.js
17 notice 5.3kB src/core/ir.js
17 notice 711B src/core/kinds.js
17 notice 1.3kB src/core/node.js
17 notice 477B src/core/serialization.js
17 notice 1.7kB src/deployment/strategies/bluegreen.js
17 notice 6.8kB src/deployment/strategy-interface.js
17 notice 6.8kB src/engine/ambiguity-ranker.js
17 notice 6.6kB src/engine/apply.js
17 notice 446B src/engine/confidence-calculator.js
17 notice 1.3kB src/engine/confidence.js
17 notice 2.0kB src/engine/differential-tester.js
17 notice 7.1kB src/engine/disambiguation.js
17 notice 8.7kB src/engine/graph.js
17 notice 590B src/engine/index.js
17 notice 1.9kB src/engine/patterns.js
17 notice 10.3kB src/engine/planner.js
17 notice 1.9kB src/engine/side-effects.js
17 notice 1.6kB src/engine/symbolic-executor.js
17 notice 1.6kB src/engine/taint-tracker.js
17 notice 7.8kB src/engine/verification.js
17 notice 3.4kB src/engine/verify.js
17 notice 1.7kB src/engine/workspace.js
17 notice 17.5kB src/frontends/go/analyzer.js
17 notice 111B src/frontends/go/index.js
17 notice 22.2kB src/frontends/python/analysis.js
17 notice 2.6kB src/frontends/python/analyzer.js
17 notice 72B src/frontends/python/index.js
17 notice 616B src/orchestration/distributed/campaign-planner.js
17 notice 2.9kB src/orchestration/frontends/go.js
17 notice 153B src/orchestration/frontends/index.js
17 notice 4.1kB src/orchestration/frontends/python.js
17 notice 131B src/orchestration/frontends/typescript.js
17 notice 2.6kB src/orchestration/index.js
17 notice 14.8kB src/orchestration/multi-repo-graph.js
17 notice 16.7kB src/orchestration/plan-field-rename.js
17 notice 10.1kB src/orchestration/preview-report.js
17 notice 1.5kB src/orchestration/scan-workspace.js
17 notice 5.2kB src/patterns/api-contract-rename.js
17 notice 272B src/patterns/index.js
17 notice 4.1kB src/patterns/registry.js
17 notice 6.5kB src/patterns/rest-to-grpc.js
17 notice 1.4kB src/platform/extensions/webhook-hooks.js
17 notice 90B src/plugins/index.js
17 notice 8.0kB src/plugins/registry.js
17 notice 1.8kB src/repair/error-parser.js
17 notice 1.9kB src/repair/repair-engine.js
17 notice 2.7kB src/repair/strategies/import-fixer.js
17 notice 1.4kB src/repair/strategies/method-generator.js
17 notice 1.9kB src/repair/strategies/type-adjuster.js
17 notice 8.8kB src/reports/html-generator.js
17 notice 2.3kB src/runtime/recorder.js
17 notice 2.5kB src/runtime/tracer.js
17 notice 575B src/shared/errors.js
17 notice 1.1kB src/shared/file-system.js
17 notice 1.2kB src/shared/guards.js
17 notice 253B src/shared/index.js
17 notice 1.1kB src/shared/stable-json.js
17 notice 3.3kB src/testing/replay-engine.js
17 notice 4.6kB src/transformers/complex-handler-transformer.js
17 notice 1.7kB src/transformers/error-mapper.js
17 notice 404B src/transformers/framework-parsers/chi-parser.js
17 notice 974B src/transformers/framework-parsers/fastapi-parser.js
17 notice 755B src/transformers/framework-parsers/flask-parser.js
17 notice 505B src/transformers/framework-parsers/gin-parser.js
17 notice 562B src/transformers/framework-parsers/mux-parser.js
17 notice 1.7kB src/transformers/middleware-transformer.js
17 notice 3.6kB src/verification/go-compiler.js
17 notice 3.3kB src/verification/python-compiler.js
17 notice 1.5kB src/verification/semantic-prover.js
17 notice 2.5kB src/verification/verified-transformation.js
17 notice 4.1kB src/web/app.js
17 notice 4.8kB src/web/apply.js
17 notice 1.0kB src/web/http.js
17 notice 1.8kB src/web/server.js
17 notice 3.5kB src/web/static/app.css
17 notice 5.9kB src/web/static/app.js
17 notice 2.2kB src/web/static/index.html
17 notice 354B third-party-licenses.txt
18 notice Tarball Details
19 notice name: refactor-pilot
20 notice version: 0.1.0
21 notice filename: refactor-pilot-0.1.0.tgz
22 notice package size: 98.9 kB
23 notice unpacked size: 389.4 kB
24 notice shasum: f566a973cf5d2c3517a4597612ed172b29d0adc2
25 notice integrity: sha512-7EtaQIy2cr8gP[...]GzwAsEJlLvliw==
26 notice total files: 122
27 notice
28 http fetch GET https://registry.npmjs.org/refactor-pilot attempt 1 failed with EACCES
29 http fetch GET https://registry.npmjs.org/refactor-pilot attempt 2 failed with EACCES
30 http fetch GET https://registry.npmjs.org/refactor-pilot attempt 3 failed with EACCES
31 notice Publishing to https://registry.npmjs.org/ with tag latest and public access (dry-run)
32 verbose cwd C:\Users\geeme\Desktop\RefactorPilot
33 verbose os Windows_NT 10.0.26200
34 verbose node v24.4.1
35 verbose npm  v11.4.2
36 verbose exit 0
37 info ok
