0 verbose cli C:\nvm4w\nodejs\node.exe C:\nvm4w\nodejs\node_modules\npm\bin\npm-cli.js
1 info using npm@11.4.2
2 info using node@v24.4.1
3 silly config load:file:C:\Users\geeme\AppData\Local\nvm\v24.4.1\node_modules\npm\npmrc
4 silly config load:file:C:\Users\geeme\Desktop\RefactorPilot\.npmrc
5 silly config load:file:C:\Users\geeme\.npmrc
6 silly config load:file:C:\Users\geeme\AppData\Roaming\npm\etc\npmrc
7 verbose title npm publish
8 verbose argv "publish" "--dry-run" "--cache" ".\\.npm-cache"
9 verbose logfile logs-max:10 dir:C:\Users\geeme\Desktop\RefactorPilot\.npm-cache\_logs\2026-03-29T00_13_48_581Z-
10 verbose logfile C:\Users\geeme\Desktop\RefactorPilot\.npm-cache\_logs\2026-03-29T00_13_48_581Z-debug-0.log
11 silly logfile done cleaning log files
12 verbose publish [ '.' ]
13 silly packumentCache heap:4496293888 maxSize:1124073472 maxEntrySize:562036736
14 warn publish npm auto-corrected some errors in your package.json when publishing.  Please run "npm pkg fix" to address these errors.
15 warn publish errors corrected:
15 warn publish "bin[refactor-pilot]" script name was cleaned
15 warn publish "bin[refactorpilot]" script name was cleaned
16 notice
17 notice package: refactor-pilot@0.1.0
18 notice Tarball Contents
19 notice 2.2kB ARCHITECTURE.md
19 notice 3.0kB CONTRIBUTING.md
19 notice 1.1kB LICENSE
19 notice 7.9kB README.md
19 notice 1.4kB SECURITY.md
19 notice 14.7kB benchmarks/run.js
19 notice 753B docs/benchmarks.md
19 notice 1.9kB docs/cli.md
19 notice 4.0kB docs/LAUNCH_READINESS.md
19 notice 1.2kB docs/mvp-architecture.md
19 notice 1.1kB docs/patterns.md
19 notice 2.0kB docs/PLUGINS.md
19 notice 872B docs/web.md
19 notice 136B examples/complex-service/client.py
19 notice 283B examples/complex-service/README.md
19 notice 584B examples/complex-service/server.go
19 notice 197B examples/go-typescript-field-rename/client.ts
19 notice 390B examples/go-typescript-field-rename/README.md
19 notice 75B examples/go-typescript-field-rename/server.go
19 notice 554B examples/plugins-example/django-to-fastapi/package.json
19 notice 138B examples/plugins-example/django-to-fastapi/plugin.json
19 notice 1.0kB examples/plugins-example/django-to-fastapi/README.md
19 notice 1.8kB examples/plugins-example/django-to-fastapi/src/index.js
19 notice 347B examples/rest-to-grpc-full/go-server/main.go
19 notice 115B examples/rest-to-grpc-full/python-client/client.py
19 notice 395B examples/rest-to-grpc-full/README.md
19 notice 405B examples/verified-migration/README.md
19 notice 3.4kB package.json
19 notice 418B packages/language-sdk/package.json
19 notice 1.5kB packages/language-sdk/README.md
19 notice 870B packages/language-sdk/src/base-parser.js
19 notice 183B packages/language-sdk/src/index.js
19 notice 2.6kB packages/language-sdk/src/plugin-factory.js
19 notice 333B packages/language-typescript/package.json
19 notice 3.8kB packages/language-typescript/src/index.js
19 notice 11.9kB patterns/rest-to-grpc-full/index.js
19 notice 1.1kB src/cli/apply.js
19 notice 20.8kB src/cli/index.js
19 notice 2.0kB src/cli/interactive.js
19 notice 6.1kB src/codegen/protoc-executor.js
19 notice 921B src/codegen/protoc-runner.js
19 notice 946B src/core/edge.js
19 notice 5.3kB src/core/graph.js
19 notice 285B src/core/index.js
19 notice 5.3kB src/core/ir.js
19 notice 711B src/core/kinds.js
19 notice 1.3kB src/core/node.js
19 notice 477B src/core/serialization.js
19 notice 1.7kB src/deployment/strategies/bluegreen.js
19 notice 6.8kB src/deployment/strategy-interface.js
19 notice 6.8kB src/engine/ambiguity-ranker.js
19 notice 6.6kB src/engine/apply.js
19 notice 446B src/engine/confidence-calculator.js
19 notice 1.3kB src/engine/confidence.js
19 notice 2.0kB src/engine/differential-tester.js
19 notice 7.1kB src/engine/disambiguation.js
19 notice 8.7kB src/engine/graph.js
19 notice 590B src/engine/index.js
19 notice 1.9kB src/engine/patterns.js
19 notice 10.3kB src/engine/planner.js
19 notice 1.9kB src/engine/side-effects.js
19 notice 1.6kB src/engine/symbolic-executor.js
19 notice 1.6kB src/engine/taint-tracker.js
19 notice 7.8kB src/engine/verification.js
19 notice 3.4kB src/engine/verify.js
19 notice 1.7kB src/engine/workspace.js
19 notice 17.5kB src/frontends/go/analyzer.js
19 notice 111B src/frontends/go/index.js
19 notice 22.2kB src/frontends/python/analysis.js
19 notice 2.6kB src/frontends/python/analyzer.js
19 notice 72B src/frontends/python/index.js
19 notice 616B src/orchestration/distributed/campaign-planner.js
19 notice 2.9kB src/orchestration/frontends/go.js
19 notice 153B src/orchestration/frontends/index.js
19 notice 4.1kB src/orchestration/frontends/python.js
19 notice 131B src/orchestration/frontends/typescript.js
19 notice 2.6kB src/orchestration/index.js
19 notice 14.8kB src/orchestration/multi-repo-graph.js
19 notice 16.7kB src/orchestration/plan-field-rename.js
19 notice 10.1kB src/orchestration/preview-report.js
19 notice 1.5kB src/orchestration/scan-workspace.js
19 notice 5.2kB src/patterns/api-contract-rename.js
19 notice 272B src/patterns/index.js
19 notice 4.1kB src/patterns/registry.js
19 notice 6.5kB src/patterns/rest-to-grpc.js
19 notice 1.4kB src/platform/extensions/webhook-hooks.js
19 notice 90B src/plugins/index.js
19 notice 8.0kB src/plugins/registry.js
19 notice 1.8kB src/repair/error-parser.js
19 notice 1.9kB src/repair/repair-engine.js
19 notice 2.7kB src/repair/strategies/import-fixer.js
19 notice 1.4kB src/repair/strategies/method-generator.js
19 notice 1.9kB src/repair/strategies/type-adjuster.js
19 notice 8.8kB src/reports/html-generator.js
19 notice 2.3kB src/runtime/recorder.js
19 notice 2.5kB src/runtime/tracer.js
19 notice 575B src/shared/errors.js
19 notice 1.1kB src/shared/file-system.js
19 notice 1.2kB src/shared/guards.js
19 notice 253B src/shared/index.js
19 notice 1.1kB src/shared/stable-json.js
19 notice 3.3kB src/testing/replay-engine.js
19 notice 4.6kB src/transformers/complex-handler-transformer.js
19 notice 1.7kB src/transformers/error-mapper.js
19 notice 404B src/transformers/framework-parsers/chi-parser.js
19 notice 974B src/transformers/framework-parsers/fastapi-parser.js
19 notice 755B src/transformers/framework-parsers/flask-parser.js
19 notice 505B src/transformers/framework-parsers/gin-parser.js
19 notice 562B src/transformers/framework-parsers/mux-parser.js
19 notice 1.7kB src/transformers/middleware-transformer.js
19 notice 3.6kB src/verification/go-compiler.js
19 notice 3.3kB src/verification/python-compiler.js
19 notice 1.5kB src/verification/semantic-prover.js
19 notice 2.5kB src/verification/verified-transformation.js
19 notice 4.1kB src/web/app.js
19 notice 4.8kB src/web/apply.js
19 notice 1.0kB src/web/http.js
19 notice 1.8kB src/web/server.js
19 notice 3.5kB src/web/static/app.css
19 notice 5.9kB src/web/static/app.js
19 notice 2.2kB src/web/static/index.html
19 notice 354B third-party-licenses.txt
20 notice Tarball Details
21 notice name: refactor-pilot
22 notice version: 0.1.0
23 notice filename: refactor-pilot-0.1.0.tgz
24 notice package size: 99.0 kB
25 notice unpacked size: 389.5 kB
26 notice shasum: a71264e68bb8f07a0cfa9e2044579fe2781785be
27 notice integrity: sha512-T9N1pdCyLo5Za[...]KGPy9U4KGvcYQ==
28 notice total files: 122
29 notice
30 http fetch GET https://registry.npmjs.org/refactor-pilot attempt 1 failed with EACCES
31 http fetch GET https://registry.npmjs.org/refactor-pilot attempt 2 failed with EACCES
32 http fetch GET https://registry.npmjs.org/refactor-pilot attempt 3 failed with EACCES
33 notice Publishing to https://registry.npmjs.org/ with tag latest and public access (dry-run)
34 verbose cwd C:\Users\geeme\Desktop\RefactorPilot
35 verbose os Windows_NT 10.0.26200
36 verbose node v24.4.1
37 verbose npm  v11.4.2
38 verbose exit 0
39 info ok
